Active-HDL 15.0.261.9132 2024-09-10 22:56:48

Elaboration top modules:
Architecture                  testbench(tb_expendedor_examen)


------------------------------------------------------------------------------------------------------------------------
Entity               | Architecture        | Library           | Info | Compiler Version          | Compilation Options
------------------------------------------------------------------------------------------------------------------------
tb_expendedor_examen | testbench           | expendedor_examen |      | 15.0.261.9132 (Windows64) | -O3
expendedor_examen    | maquinaEstadoFinita | expendedor_examen |      | 15.0.261.9132 (Windows64) | -O3
------------------------------------------------------------------------------------------------------------------------

------------------------------------------------------------------------------------------------------------------------
VHDL Package                               | Library           | Info | Compiler Version          | Compilation Options
------------------------------------------------------------------------------------------------------------------------
standard                                   | std               |      |                           | <unavailable>
TEXTIO                                     | std               |      | 15.0.261.9132 (Windows64) |  -2019
std_logic_1164                             | ieee              |      | 15.0.261.9132 (Windows64) |  -2008
NUMERIC_STD                                | ieee              |      | 15.0.261.9132 (Windows64) |  -2008
------------------------------------------------------------------------------------------------------------------------

------------------------------------------------------------------------------------------------------------------------
Library                                    | Comment
------------------------------------------------------------------------------------------------------------------------
expendedor_examen                          | None
ieee                                       | Standard IEEE packages library
std                                        | Standard VHDL library
------------------------------------------------------------------------------------------------------------------------


Simulation Options: asim -O5 +access +r +m+tb_expendedor_examen tb_expendedor_examen testbench


The performance of simulation is reduced. Version Student Edition
