Active-HDL 15.0.261.9132 2024-09-06 23:10:51

Elaboration top modules:
Architecture                  testbench(tb_registroMaNoTaS)


---------------------------------------------------------------------------------------------------------------
Entity             | Architecture   | Library         | Info | Compiler Version          | Compilation Options
---------------------------------------------------------------------------------------------------------------
tb_registroMaNoTaS | testbench      | registromanotas |      | 15.0.261.9132 (Windows64) | -O3
registroMaNoTaS    | Comportamiento | registromanotas |      | 15.0.261.9132 (Windows64) | -O3
---------------------------------------------------------------------------------------------------------------

---------------------------------------------------------------------------------------------------------------
VHDL Package                        | Library         | Info | Compiler Version          | Compilation Options
---------------------------------------------------------------------------------------------------------------
standard                            | std             |      |                           | <unavailable>
TEXTIO                              | std             |      | 15.0.261.9132 (Windows64) |  -2019
std_logic_1164                      | ieee            |      | 15.0.261.9132 (Windows64) |  -2008
std_logic_arith                     | ieee            |      | 15.0.261.9132 (Windows64) | <unavailable>
STD_LOGIC_UNSIGNED                  | ieee            |      | 15.0.261.9132 (Windows64) | <unavailable>
---------------------------------------------------------------------------------------------------------------

---------------------------------------------------------------------------------------------------------------
Library                             | Comment
---------------------------------------------------------------------------------------------------------------
ieee                                | Standard IEEE packages library
registromanotas                     | None
std                                 | Standard VHDL library
---------------------------------------------------------------------------------------------------------------
