Active-HDL 15.0.261.9132 2024-09-10 22:50:09

Elaboration top modules:
Architecture                  tb_MaquinaEstados_arch(tb_MaquinaEstados)


---------------------------------------------------------------------------------------------------------------------
Entity            | Architecture           | Library        | Info | Compiler Version          | Compilation Options
---------------------------------------------------------------------------------------------------------------------
tb_MaquinaEstados | tb_MaquinaEstados_arch | maquinaestados |      | 15.0.261.9132 (Windows64) | -O3
MaquinaEstados    | MaquinaEstadosArch     | maquinaestados |      | 15.0.261.9132 (Windows64) | -O3
---------------------------------------------------------------------------------------------------------------------

---------------------------------------------------------------------------------------------------------------------
VHDL Package                               | Library        | Info | Compiler Version          | Compilation Options
---------------------------------------------------------------------------------------------------------------------
standard                                   | std            |      |                           | <unavailable>
TEXTIO                                     | std            |      | 15.0.261.9132 (Windows64) |  -2019
std_logic_1164                             | ieee           |      | 15.0.261.9132 (Windows64) |  -2008
---------------------------------------------------------------------------------------------------------------------

---------------------------------------------------------------------------------------------------------------------
Library                                    | Comment
---------------------------------------------------------------------------------------------------------------------
ieee                                       | Standard IEEE packages library
maquinaestados                             | None
std                                        | Standard VHDL library
---------------------------------------------------------------------------------------------------------------------
