Active-HDL 15.0.261.9132 2024-09-04 00:00:40

Elaboration top modules:
Architecture                  Estructural(ALU)


----------------------------------------------------------------------------------------------------
Entity            | Architecture | Library | Info | Compiler Version          | Compilation Options
----------------------------------------------------------------------------------------------------
ALU               | Estructural  | alu     |      | 15.0.261.9132 (Windows64) | -O3
Unidad_Aritmetica | Comp_Aritm   | alu     |      | 15.0.261.9132 (Windows64) | -O3
Unidad_Logica     | Comp_Log     | alu     |      | 15.0.261.9132 (Windows64) | -O3
multiplexor       | Comp_mul     | alu     |      | 15.0.261.9132 (Windows64) | -O3
----------------------------------------------------------------------------------------------------

----------------------------------------------------------------------------------------------------
VHDL Package                     | Library | Info | Compiler Version          | Compilation Options
----------------------------------------------------------------------------------------------------
standard                         | std     |      |                           | <unavailable>
TEXTIO                           | std     |      | 15.0.261.9132 (Windows64) |  -2019
std_logic_1164                   | ieee    |      | 15.0.261.9132 (Windows64) |  -2008
NUMERIC_STD                      | ieee    |      | 15.0.261.9132 (Windows64) |  -2008
----------------------------------------------------------------------------------------------------

----------------------------------------------------------------------------------------------------
Library                          | Comment
----------------------------------------------------------------------------------------------------
alu                              | None
ieee                             | Standard IEEE packages library
std                              | Standard VHDL library
----------------------------------------------------------------------------------------------------


Simulation Options: asim -O5 +access +r +m+alu alu estructural


The performance of simulation is reduced. Version Student Edition
