asim -O5 +access +r +m+registro_bi_tb registro_bi_tb tb
# ELBREAD: Elaboration process.
# ELBREAD: Elaboration time 0.0 [s].
# VSIM: Stack memory: 32MB
# VSIM: Retval memory: 32MB
# 
# KERNEL: Main thread initiated.
# KERNEL: Kernel process initialization phase.
# ELAB2: Elaboration final pass...
# ELAB2: Create instances ...
# KERNEL: Time resolution set to 1ps.
# ELAB2: Create instances complete.
# SLP: Started
# SLP: Elaboration phase ...
# SLP: Elaboration phase ... skipped, nothing to simulate in SLP mode : 0.0 [s]
# SLP: Finished : 0.0 [s]
# ELAB2: Elaboration final pass complete - time: 0.0 [s].
# KERNEL: Warning: You are using the Active-HDL Student Edition. The performance of simulation is running at a reduced rate.
# KERNEL: Warning: Contact Aldec for available upgrade options - sales@aldec.com.
# KERNEL: Kernel process initialization done.
# Allocation: Simulator allocated 5440 kB (elbread=427 elab2=4874 kernel=139 sdf=0)
# KERNEL: ASDB file was created in location c:\My_Designs\registro_bi\src\wave.asdb
#  12:41 PM, Wednesday, September 4, 2024
#  Simulation has been initialized
# Waveform file 'untitled.awc' connected to 'c:/My_Designs/registro_bi/src/wave.asdb'.
run 250 ns
# KERNEL: stopped at time: 250 ns
endsim
# VSIM: Simulation has finished.
asim -O5 +access +r +m+registro_bi_tb registro_bi_tb tb
# ELBREAD: Elaboration process.
# ELBREAD: Elaboration time 0.0 [s].
# VSIM: Stack memory: 32MB
# VSIM: Retval memory: 32MB
# 
# KERNEL: Main thread initiated.
# KERNEL: Kernel process initialization phase.
# ELAB2: Elaboration final pass...
# ELAB2: Create instances ...
# KERNEL: Time resolution set to 1ps.
# ELAB2: Create instances complete.
# SLP: Started
# SLP: Elaboration phase ...
# SLP: Elaboration phase ... skipped, nothing to simulate in SLP mode : 0.0 [s]
# SLP: Finished : 0.0 [s]
# ELAB2: Elaboration final pass complete - time: 0.0 [s].
# KERNEL: Warning: You are using the Active-HDL Student Edition. The performance of simulation is running at a reduced rate.
# KERNEL: Warning: Contact Aldec for available upgrade options - sales@aldec.com.
# KERNEL: Kernel process initialization done.
# Allocation: Simulator allocated 5440 kB (elbread=427 elab2=4874 kernel=139 sdf=0)
# KERNEL: ASDB file was created in location c:\My_Designs\registro_bi\src\wave.asdb
#  12:41 PM, Wednesday, September 4, 2024
#  Simulation has been initialized
# Waveform file 'untitled.awc' connected to 'c:/My_Designs/registro_bi/src/wave.asdb'.
run 100ns
# KERNEL: stopped at time: 100 ns
endsim
# VSIM: Simulation has finished.
asim -O5 +access +r +m+registro_bi_tb registro_bi_tb tb
# ELBREAD: Elaboration process.
# ELBREAD: Elaboration time 0.0 [s].
# VSIM: Stack memory: 32MB
# VSIM: Retval memory: 32MB
# 
# KERNEL: Main thread initiated.
# KERNEL: Kernel process initialization phase.
# ELAB2: Elaboration final pass...
# ELAB2: Create instances ...
# KERNEL: Time resolution set to 1ps.
# ELAB2: Create instances complete.
# SLP: Started
# SLP: Elaboration phase ...
# SLP: Elaboration phase ... skipped, nothing to simulate in SLP mode : 0.0 [s]
# SLP: Finished : 0.0 [s]
# ELAB2: Elaboration final pass complete - time: 0.1 [s].
# KERNEL: Warning: You are using the Active-HDL Student Edition. The performance of simulation is running at a reduced rate.
# KERNEL: Warning: Contact Aldec for available upgrade options - sales@aldec.com.
# KERNEL: Kernel process initialization done.
# Allocation: Simulator allocated 5440 kB (elbread=427 elab2=4874 kernel=139 sdf=0)
# KERNEL: ASDB file was created in location c:\My_Designs\registro_bi\src\wave.asdb
#  12:41 PM, Wednesday, September 4, 2024
#  Simulation has been initialized
# Waveform file 'untitled.awc' connected to 'c:/My_Designs/registro_bi/src/wave.asdb'.
run 80ns
# KERNEL: stopped at time: 80 ns
