Active-HDL 15.0.261.9132 2024-09-04 12:41:39

Elaboration top modules:
Architecture                  tb(registro_bi_tb)


---------------------------------------------------------------------------------------------------------
Entity         | Architecture     | Library     | Info | Compiler Version          | Compilation Options
---------------------------------------------------------------------------------------------------------
registro_bi_tb | tb               | registro_bi |      | 15.0.261.9132 (Windows64) | -O3
registro_bi    | Comp_registro_bi | registro_bi |      | 15.0.261.9132 (Windows64) | -O3
---------------------------------------------------------------------------------------------------------

---------------------------------------------------------------------------------------------------------
VHDL Package                      | Library     | Info | Compiler Version          | Compilation Options
---------------------------------------------------------------------------------------------------------
standard                          | std         |      |                           | <unavailable>
TEXTIO                            | std         |      | 15.0.261.9132 (Windows64) |  -2019
std_logic_1164                    | ieee        |      | 15.0.261.9132 (Windows64) |  -2008
NUMERIC_STD                       | ieee        |      | 15.0.261.9132 (Windows64) |  -2008
---------------------------------------------------------------------------------------------------------

---------------------------------------------------------------------------------------------------------
Library                           | Comment
---------------------------------------------------------------------------------------------------------
ieee                              | Standard IEEE packages library
registro_bi                       | None
std                               | Standard VHDL library
---------------------------------------------------------------------------------------------------------


Simulation Options: asim -O5 +access +r +m+registro_bi_tb registro_bi_tb tb


The performance of simulation is reduced. Version Student Edition
